GROUP,PACKAGE,CLASS,INSTRUCTION_MISSED,INSTRUCTION_COVERED,BRANCH_MISSED,BRANCH_COVERED,LINE_MISSED,LINE_COVERED,COMPLEXITY_MISSED,COMPLEXITY_COVERED,METHOD_MISSED,METHOD_COVERED
MeetingPlanner,edu.sc.csce747.MeetingPlanner,Organization,0,155,0,8,0,0,0,9,0,5
MeetingPlanner,edu.sc.csce747.MeetingPlanner,Meeting,35,153,0,4,0,0,2,21,2,19
MeetingPlanner,edu.sc.csce747.MeetingPlanner,TimeConflictException,19,4,0,0,0,0,4,1,4,1
MeetingPlanner,edu.sc.csce747.MeetingPlanner,Person,22,52,0,0,0,0,3,6,3,6
MeetingPlanner,edu.sc.csce747.MeetingPlanner,Calendar,36,413,16,36,0,0,15,20,1,8
MeetingPlanner,edu.sc.csce747.MeetingPlanner,PlannerInterface,947,0,102,0,0,0,61,0,10,0
MeetingPlanner,edu.sc.csce747.MeetingPlanner,Room,11,63,0,0,0,0,1,8,1,8
