GROUP,PACKAGE,CLASS,INSTRUCTION_MISSED,INSTRUCTION_COVERED,BRANCH_MISSED,BRANCH_COVERED,LINE_MISSED,LINE_COVERED,COMPLEXITY_MISSED,COMPLEXITY_COVERED,METHOD_MISSED,METHOD_COVERED
MeetingPlanner,edu.sc.csce747.MeetingPlanner,Organization,0,155,0,8,0,0,0,9,0,5
MeetingPlanner,edu.sc.csce747.MeetingPlanner,Meeting,0,188,0,4,0,0,0,23,0,21
MeetingPlanner,edu.sc.csce747.MeetingPlanner,TimeConflictException,19,4,0,0,0,0,4,1,4,1
MeetingPlanner,edu.sc.csce747.MeetingPlanner,Person,0,74,0,0,0,0,0,9,0,9
MeetingPlanner,edu.sc.csce747.MeetingPlanner,Calendar,4,445,3,49,0,0,3,32,0,9
MeetingPlanner,edu.sc.csce747.MeetingPlanner,Room,0,74,0,0,0,0,0,9,0,9
