<?xml version="1.0" encoding="UTF-8" ?>
<testsuite errors="1" failures="0" hostname="DESKTOP-DG7QGI5" name="edu.sc.csce747.MeetingPlanner.PersonTest" skipped="0" tests="1" time="0.154" timestamp="2025-10-24T04:44:25">
  <properties>
[...]
</properties>
  <testcase classname="edu.sc.csce747.MeetingPlanner.PersonTest" name="initializationError" time="0.009">
    <error message="Invalid test class &apos;edu.sc.csce747.MeetingPlanner.PersonTest&apos;:&#xa;  1. No runnable methods" type="org.junit.runners.model.InvalidTestClassError">org.junit.runners.model.InvalidTestClassError: Invalid test class &apos;edu.sc.csce747.MeetingPlanner.PersonTest&apos;:
  1. No runnable methods
	at java.base/jdk.internal.reflect.DirectConstructorHandleAccessor.newInstance(DirectConstructorHandleAccessor.java:62)
	at java.base/java.lang.reflect.Constructor.newInstanceWithCaller(Constructor.java:501)
	at java.base/java.lang.reflect.Constructor.newInstance(Constructor.java:485)
</error>
  </testcase>
  <system-out><![CDATA[]]></system-out>
  <system-err><![CDATA[]]></system-err>
</testsuite>
